<?xml version="1.0" encoding="UTF-8"?>
<!-- Generated by org.testng.reporters.JUnitReportReporter -->
<testsuite hostname="DESKTOP-1LI4ATB" failures="0" tests="1" name="test.TestNG_Demo_UseProperties" time="6.831" errors="0" timestamp="01 Oct 2020 22:37:16 GMT" skipped="0">
  <testcase classname="test.TestNG_Demo_UseProperties" name="googleSearch" time="6.831"/>
</testsuite> <!-- test.TestNG_Demo_UseProperties -->
