<?xml version="1.0" encoding="UTF-8"?>
<!-- Generated by org.testng.reporters.JUnitReportReporter -->
<testsuite hostname="DESKTOP-1LI4ATB" failures="0" tests="1" name="demo.YoutubeSexin" time="20.923" errors="0" timestamp="01 Oct 2020 19:34:19 GMT" skipped="0">
  <testcase classname="demo.YoutubeSexin" name="testYoutubeSexin" time="20.923"/>
</testsuite> <!-- demo.YoutubeSexin -->
