<?xml version="1.0" encoding="UTF-8"?>
<!-- Generated by org.testng.reporters.JUnitReportReporter -->
<testsuite hostname="DESKTOP-1LI4ATB" failures="0" tests="3" name="demo.TestNGIgnoreTestDemo" time="0.009" errors="0" timestamp="01 Oct 2020 17:17:41 GMT" skipped="1">
  <testcase classname="demo.TestNGIgnoreTestDemo" name="test2" time="0.008"/>
  <testcase classname="demo.TestNGIgnoreTestDemo" name="test3" time="0.001"/>
  <testcase classname="demo.TestNGIgnoreTestDemo" name="test1">
    <skipped/>
  </testcase> <!-- test1 -->
</testsuite> <!-- demo.TestNGIgnoreTestDemo -->
