<?xml version="1.0" encoding="UTF-8"?>
<!-- Generated by org.testng.reporters.JUnitReportReporter -->
<testsuite hostname="DESKTOP-1LI4ATB" failures="0" tests="1" name="demo.TestNGParametersDemo" time="0.009" errors="0" timestamp="01 Oct 2020 14:41:44 GMT" skipped="0">
  <testcase classname="demo.TestNGParametersDemo" name="test" time="0.009"/>
</testsuite> <!-- demo.TestNGParametersDemo -->
