<?xml version="1.0" encoding="UTF-8"?>
<!-- Generated by org.testng.reporters.JUnitReportReporter -->
<testsuite hostname="DESKTOP-1LI4ATB" failures="0" tests="1" name="test.TestNG_Demo" time="6.729" errors="0" timestamp="27 Sep 2020 07:23:23 GMT" skipped="0">
  <testcase classname="test.TestNG_Demo" name="googleSearch" time="6.729"/>
</testsuite> <!-- test.TestNG_Demo -->
