<?xml version="1.0" encoding="UTF-8"?>
<!-- Generated by org.testng.reporters.JUnitReportReporter -->
<testsuite hostname="DESKTOP-1LI4ATB" failures="0" tests="1" name="demo.HeadlessChromeDemo" time="7.551" errors="0" timestamp="01 Oct 2020 23:40:15 GMT" skipped="0">
  <testcase classname="demo.HeadlessChromeDemo" name="test" time="7.551"/>
</testsuite> <!-- demo.HeadlessChromeDemo -->
