<?xml version="1.0" encoding="UTF-8"?>
<!-- Generated by org.testng.reporters.JUnitReportReporter -->
<testsuite hostname="DESKTOP-1LI4ATB" failures="0" tests="3" name="listeners.TestNGListenerDemo2" time="0.004" errors="0" timestamp="29 Sep 2020 17:18:37 GMT" skipped="1">
  <testcase classname="listeners.TestNGListenerDemo2" name="test5" time="0.001"/>
  <testcase classname="listeners.TestNGListenerDemo2" name="test6" time="0.001">
    <skipped/>
  </testcase> <!-- test6 -->
  <testcase classname="listeners.TestNGListenerDemo2" name="test4" time="0.002"/>
</testsuite> <!-- listeners.TestNGListenerDemo2 -->
