<?xml version="1.0" encoding="UTF-8"?>
<!-- Generated by org.testng.reporters.JUnitReportReporter -->
<testsuite hostname="DESKTOP-1LI4ATB" failures="0" tests="3" name="demo.TestNGPriorityDemo" time="0.011" errors="0" timestamp="29 Sep 2020 20:05:41 GMT" skipped="0">
  <testcase classname="demo.TestNGPriorityDemo" name="one" time="0.009"/>
  <testcase classname="demo.TestNGPriorityDemo" name="three" time="0.001"/>
  <testcase classname="demo.TestNGPriorityDemo" name="two" time="0.001"/>
</testsuite> <!-- demo.TestNGPriorityDemo -->
