<?xml version="1.0" encoding="UTF-8"?>
<!-- Generated by org.testng.reporters.JUnitReportReporter -->
<testsuite hostname="DESKTOP-1LI4ATB" failures="0" tests="4" name="demo.TestNGDependencyDemo" time="0.013" errors="0" timestamp="01 Oct 2020 16:53:22 GMT" skipped="0">
  <testcase classname="demo.TestNGDependencyDemo" name="test1" time="0.001"/>
  <testcase classname="demo.TestNGDependencyDemo" name="test2" time="0.009"/>
  <testcase classname="demo.TestNGDependencyDemo" name="test3" time="0.002"/>
  <testcase classname="demo.TestNGDependencyDemo" name="test4" time="0.001"/>
</testsuite> <!-- demo.TestNGDependencyDemo -->
